[debug] [2024-06-10T07:15:33.880Z] ----------------------------------------------------------------------
[debug] [2024-06-10T07:15:33.882Z] Command:       /opt/homebrew/Cellar/node/22.2.0/bin/node /Users/roma/Documents/Code/unihealth/node_modules/.bin/firebase deploy --only hosting
[debug] [2024-06-10T07:15:33.882Z] CLI Version:   13.10.2
[debug] [2024-06-10T07:15:33.882Z] Platform:      darwin
[debug] [2024-06-10T07:15:33.882Z] Node Version:  v22.2.0
[debug] [2024-06-10T07:15:33.882Z] Time:          Mon Jun 10 2024 15:15:33 GMT+0800 (Singapore Standard Time)
[debug] [2024-06-10T07:15:33.883Z] ----------------------------------------------------------------------
[debug] 
[debug] [2024-06-10T07:15:33.884Z] >>> [apiv2][query] GET https://firebase-public.firebaseio.com/cli.json [none]
[debug] [2024-06-10T07:15:33.957Z] > command requires scopes: ["email","openid","https://www.googleapis.com/auth/cloudplatformprojects.readonly","https://www.googleapis.com/auth/firebase","https://www.googleapis.com/auth/cloud-platform"]
[debug] [2024-06-10T07:15:33.957Z] > authorizing via signed-in user (romajoshi637@gmail.com)
[debug] [2024-06-10T07:15:33.957Z] [iam] checking project unihealth-3e9df for permissions ["firebase.projects.get","firebasehosting.sites.update"]
[debug] [2024-06-10T07:15:33.957Z] > refreshing access token with scopes: []
[debug] [2024-06-10T07:15:33.958Z] >>> [apiv2][query] POST https://www.googleapis.com/oauth2/v3/token [none]
[debug] [2024-06-10T07:15:33.958Z] >>> [apiv2][body] POST https://www.googleapis.com/oauth2/v3/token [omitted]
[debug] [2024-06-10T07:15:34.161Z] <<< [apiv2][status] POST https://www.googleapis.com/oauth2/v3/token 200
[debug] [2024-06-10T07:15:34.161Z] <<< [apiv2][body] POST https://www.googleapis.com/oauth2/v3/token [omitted]
[debug] [2024-06-10T07:15:34.180Z] >>> [apiv2][query] POST https://cloudresourcemanager.googleapis.com/v1/projects/unihealth-3e9df:testIamPermissions [none]
[debug] [2024-06-10T07:15:34.180Z] >>> [apiv2][(partial)header] POST https://cloudresourcemanager.googleapis.com/v1/projects/unihealth-3e9df:testIamPermissions x-goog-quota-user=projects/unihealth-3e9df
[debug] [2024-06-10T07:15:34.180Z] >>> [apiv2][body] POST https://cloudresourcemanager.googleapis.com/v1/projects/unihealth-3e9df:testIamPermissions {"permissions":["firebase.projects.get","firebasehosting.sites.update"]}
